<?xml version="1.0" encoding="UTF-8"?>
<!-- Generated by org.testng.reporters.JUnitReportReporter -->
<testsuite hostname="LAPTOP-NQDJFCIP" name="com.testautomation.TestRunner.TestRunnerMobile" tests="4" failures="0" timestamp="25 Jul 2020 09:31:08 GMT" time="56.732" errors="0">
  <testcase name="main_method" time="0.005" classname="com.testautomation.TestRunner.TestRunnerMobile"/>
  <testcase name="main_method" time="56.196" classname="com.testautomation.TestRunner.TestRunnerMobile"/>
  <testcase name="main_method" time="0.009" classname="com.testautomation.TestRunner.TestRunnerMobile"/>
  <testcase name="main_method" time="0.522" classname="com.testautomation.TestRunner.TestRunnerMobile"/>
</testsuite> <!-- com.testautomation.TestRunner.TestRunnerMobile -->
