<?xml version="1.0" encoding="UTF-8"?>
<!-- Generated by org.testng.reporters.JUnitReportReporter -->
<testsuite hostname="LAPTOP-NQDJFCIP" name="com.testautomation.TestRunner.TestRunnerUI" tests="19" failures="0" timestamp="4 Aug 2020 16:15:43 GMT" time="75.320" errors="0">
  <testcase name="main_method" time="0.619" classname="com.testautomation.TestRunner.TestRunnerUI"/>
  <testcase name="main_method" time="0.001" classname="com.testautomation.TestRunner.TestRunnerUI"/>
  <testcase name="main_method" time="0.000" classname="com.testautomation.TestRunner.TestRunnerUI"/>
  <testcase name="main_method" time="0.000" classname="com.testautomation.TestRunner.TestRunnerUI"/>
  <testcase name="main_method" time="0.001" classname="com.testautomation.TestRunner.TestRunnerUI"/>
  <testcase name="main_method" time="0.000" classname="com.testautomation.TestRunner.TestRunnerUI"/>
  <testcase name="main_method" time="0.001" classname="com.testautomation.TestRunner.TestRunnerUI"/>
  <testcase name="main_method" time="0.000" classname="com.testautomation.TestRunner.TestRunnerUI"/>
  <testcase name="main_method" time="0.001" classname="com.testautomation.TestRunner.TestRunnerUI"/>
  <testcase name="main_method" time="74.688" classname="com.testautomation.TestRunner.TestRunnerUI"/>
  <testcase name="main_method" time="0.002" classname="com.testautomation.TestRunner.TestRunnerUI"/>
  <testcase name="main_method" time="0.000" classname="com.testautomation.TestRunner.TestRunnerUI"/>
  <testcase name="main_method" time="0.001" classname="com.testautomation.TestRunner.TestRunnerUI"/>
  <testcase name="main_method" time="0.001" classname="com.testautomation.TestRunner.TestRunnerUI"/>
  <testcase name="main_method" time="0.000" classname="com.testautomation.TestRunner.TestRunnerUI"/>
  <testcase name="main_method" time="0.001" classname="com.testautomation.TestRunner.TestRunnerUI"/>
  <testcase name="main_method" time="0.001" classname="com.testautomation.TestRunner.TestRunnerUI"/>
  <testcase name="main_method" time="0.001" classname="com.testautomation.TestRunner.TestRunnerUI"/>
  <testcase name="main_method" time="0.002" classname="com.testautomation.TestRunner.TestRunnerUI"/>
</testsuite> <!-- com.testautomation.TestRunner.TestRunnerUI -->
