<?xml version="1.0" encoding="UTF-8"?>
<!-- Generated by org.testng.reporters.JUnitReportReporter -->
<testsuite hostname="LAPTOP-NQDJFCIP" name="com.testautomation.TestRunner.TestRunnerUI" tests="2" failures="0" timestamp="7 Aug 2020 07:47:29 GMT" time="27.091" errors="0">
  <testcase name="main_method" time="0.831" classname="com.testautomation.TestRunner.TestRunnerUI"/>
  <testcase name="main_method" time="26.260" classname="com.testautomation.TestRunner.TestRunnerUI"/>
</testsuite> <!-- com.testautomation.TestRunner.TestRunnerUI -->
