<?xml version="1.0" encoding="UTF-8"?>
<!-- Generated by org.testng.reporters.JUnitReportReporter -->
<testsuite hostname="LAPTOP-NQDJFCIP" name="com.testautomation.TestRunner.TestRunnerMobile" tests="2" failures="0" timestamp="19 Jul 2020 08:16:29 GMT" time="30.586" errors="0">
  <testcase name="main_method" time="30.078" classname="com.testautomation.TestRunner.TestRunnerMobile"/>
  <testcase name="main_method" time="0.508" classname="com.testautomation.TestRunner.TestRunnerMobile"/>
</testsuite> <!-- com.testautomation.TestRunner.TestRunnerMobile -->
