<?xml version="1.0" encoding="UTF-8"?>
<!-- Generated by org.testng.reporters.JUnitReportReporter -->
<testsuite hostname="LAPTOP-NQDJFCIP" name="com.testautomation.TestRunner.TestRunnerDesktop" tests="2" failures="0" timestamp="7 Jul 2020 16:04:04 GMT" time="5.429" errors="0">
  <testcase name="main_method" time="0.004" classname="com.testautomation.TestRunner.TestRunnerDesktop"/>
  <testcase name="main_method" time="5.425" classname="com.testautomation.TestRunner.TestRunnerDesktop"/>
</testsuite> <!-- com.testautomation.TestRunner.TestRunnerDesktop -->
