<?xml version="1.0" encoding="UTF-8"?>
<!-- Generated by org.testng.reporters.JUnitReportReporter -->
<testsuite hostname="LAPTOP-NQDJFCIP" name="com.testautomation.TestRunner.TestRunnerUI" tests="2" failures="0" timestamp="5 Sep 2020 08:36:12 GMT" time="180.127" errors="1">
  <testcase name="main_method" time="89.057" classname="com.testautomation.TestRunner.TestRunnerUI">
    <error type="java.lang.NullPointerException">
      <![CDATA[java.lang.NullPointerException
	at com.testautomation.WrapperComponent.WebDriverHelper.clickElement(WebDriverHelper.java:131)
	at com.testautomation.PageObjects.OrangeHRMPage.EditSkills(OrangeHRMPage.java:16)
	at com.testautomation.StepDef.OrangeHRMStepDef.edit_skills(OrangeHRMStepDef.java:10)
	at âœ½.Edit skills(Features/UI/BAU_Regression/OrangeHRM.feature:8)
]]>
    </error>
  </testcase> <!-- main_method -->
  <testcase name="main_method" time="91.070" classname="com.testautomation.TestRunner.TestRunnerUI"/>
</testsuite> <!-- com.testautomation.TestRunner.TestRunnerUI -->
